# JRE version: OpenJDK Runtime Environment Temurin-23+37 (23.0+37) (build 23+37)
# Java VM: OpenJDK 64-Bit Server VM Temurin-23+37 (23+37, mixed mode, emulated-client, sharing, tiered, compressed oops, compressed class ptrs, g1 gc, windows-amd64)
GC Precious Log:
 CardTable entry size: 512
 Card Set container configuration: InlinePtr #cards 4 size 8 Array Of Cards #cards 16 size 48 Howl #buckets 8 coarsen threshold 3686 Howl Bitmap #cards 512 size 80 coarsen threshold 460 Card regions per heap region 1 cards per card region 4096
 CPUs: 16 total, 16 available
 Memory: 16024M
 Large Page Support: Disabled
 NUMA Support: Disabled
 Compressed Oops: Enabled (Zero based)
 Heap Region Size: 2M
 Heap Min Capacity: 8M
 Heap Initial Capacity: 252M
 Heap Max Capacity: 4008M
 Pre-touch: Disabled
 Parallel Workers: 13
 Concurrent Workers: 3
 Concurrent Refinement Workers: 13
 Periodic GC: Disabled
Heap:
 garbage-first heap   total reserved 4104192K, committed 116736K, used 76720K [0x0000000705800000, 0x0000000800000000)
  region size 2048K, 19 young (38912K), 3 survivors (6144K)
 Metaspace       used 89882K, committed 90624K, reserved 1179648K
  class space    used 12616K, committed 12928K, reserved 1048576K
GC Heap History (20 events):
Event: 991.443 GC heap before
{Heap before GC invocations=64 (full 6):
 garbage-first heap   total reserved 4104192K, committed 116736K, used 52957K [0x0000000705800000, 0x0000000800000000)
  region size 2048K, 6 young (12288K), 3 survivors (6144K)
 Metaspace       used 88154K, committed 88832K, reserved 1179648K
  class space    used 12459K, committed 12736K, reserved 1048576K
}
Event: 991.502 GC heap after
{Heap after GC invocations=65 (full 7):
 garbage-first heap   total reserved 4104192K, committed 116736K, used 39277K [0x0000000705800000, 0x0000000800000000)
  region size 2048K, 0 young (0K), 0 survivors (0K)
 Metaspace       used 88146K, committed 88832K, reserved 1179648K
  class space    used 12457K, committed 12736K, reserved 1048576K
}
Event: 993.192 GC heap before
{Heap before GC invocations=65 (full 7):
 garbage-first heap   total reserved 4104192K, committed 116736K, used 100717K [0x0000000705800000, 0x0000000800000000)
  region size 2048K, 30 young (61440K), 0 survivors (0K)
 Metaspace       used 88326K, committed 89024K, reserved 1179648K
  class space    used 12479K, committed 12800K, reserved 1048576K
}
Event: 993.196 GC heap after
{Heap after GC invocations=66 (full 7):
 garbage-first heap   total reserved 4104192K, committed 116736K, used 43869K [0x0000000705800000, 0x0000000800000000)
  region size 2048K, 3 young (6144K), 3 survivors (6144K)
 Metaspace       used 88326K, committed 89024K, reserved 1179648K
  class space    used 12479K, committed 12800K, reserved 1048576K
}
Event: 993.851 GC heap before
{Heap before GC invocations=67 (full 7):
 garbage-first heap   total reserved 4104192K, committed 116736K, used 82781K [0x0000000705800000, 0x0000000800000000)
  region size 2048K, 24 young (49152K), 3 survivors (6144K)
 Metaspace       used 88482K, committed 89216K, reserved 1179648K
  class space    used 12493K, committed 12800K, reserved 1048576K
}
Event: 993.855 GC heap after
{Heap after GC invocations=68 (full 7):
 garbage-first heap   total reserved 4104192K, committed 116736K, used 45594K [0x0000000705800000, 0x0000000800000000)
  region size 2048K, 1 young (2048K), 1 survivors (2048K)
 Metaspace       used 88482K, committed 89216K, reserved 1179648K
  class space    used 12493K, committed 12800K, reserved 1048576K
}
Event: 994.298 GC heap before
{Heap before GC invocations=69 (full 7):
 garbage-first heap   total reserved 4104192K, committed 116736K, used 100890K [0x0000000705800000, 0x0000000800000000)
  region size 2048K, 28 young (57344K), 1 survivors (2048K)
 Metaspace       used 88729K, committed 89408K, reserved 1179648K
  class space    used 12508K, committed 12800K, reserved 1048576K
}
Event: 994.304 GC heap after
{Heap after GC invocations=70 (full 7):
 garbage-first heap   total reserved 4104192K, committed 116736K, used 48980K [0x0000000705800000, 0x0000000800000000)
  region size 2048K, 3 young (6144K), 3 survivors (6144K)
 Metaspace       used 88729K, committed 89408K, reserved 1179648K
  class space    used 12508K, committed 12800K, reserved 1048576K
}
Event: 1091.178 GC heap before
{Heap before GC invocations=70 (full 7):
 garbage-first heap   total reserved 4104192K, committed 116736K, used 73556K [0x0000000705800000, 0x0000000800000000)
  region size 2048K, 17 young (34816K), 3 survivors (6144K)
 Metaspace       used 89039K, committed 89856K, reserved 1179648K
  class space    used 12555K, committed 12928K, reserved 1048576K
}
Event: 1091.257 GC heap after
{Heap after GC invocations=71 (full 8):
 garbage-first heap   total reserved 4104192K, committed 116736K, used 43813K [0x0000000705800000, 0x0000000800000000)
  region size 2048K, 0 young (0K), 0 survivors (0K)
 Metaspace       used 89039K, committed 89856K, reserved 1179648K
  class space    used 12555K, committed 12928K, reserved 1048576K
}
Event: 1093.234 GC heap before
{Heap before GC invocations=71 (full 8):
 garbage-first heap   total reserved 4104192K, committed 116736K, used 99109K [0x0000000705800000, 0x0000000800000000)
  region size 2048K, 28 young (57344K), 0 survivors (0K)
 Metaspace       used 89215K, committed 90048K, reserved 1179648K
  class space    used 12575K, committed 12928K, reserved 1048576K
}
Event: 1093.240 GC heap after
{Heap after GC invocations=72 (full 8):
 garbage-first heap   total reserved 4104192K, committed 116736K, used 48050K [0x0000000705800000, 0x0000000800000000)
  region size 2048K, 3 young (6144K), 3 survivors (6144K)
 Metaspace       used 89215K, committed 90048K, reserved 1179648K
  class space    used 12575K, committed 12928K, reserved 1048576K
}
Event: 1094.435 GC heap before
{Heap before GC invocations=73 (full 8):
 garbage-first heap   total reserved 4104192K, committed 116736K, used 93106K [0x0000000705800000, 0x0000000800000000)
  region size 2048K, 26 young (53248K), 3 survivors (6144K)
 Metaspace       used 89351K, committed 90176K, reserved 1179648K
  class space    used 12574K, committed 12928K, reserved 1048576K
}
Event: 1094.442 GC heap after
{Heap after GC invocations=74 (full 8):
 garbage-first heap   total reserved 4104192K, committed 116736K, used 50747K [0x0000000705800000, 0x0000000800000000)
  region size 2048K, 4 young (8192K), 4 survivors (8192K)
 Metaspace       used 89351K, committed 90176K, reserved 1179648K
  class space    used 12574K, committed 12928K, reserved 1048576K
}
Event: 1095.230 GC heap before
{Heap before GC invocations=74 (full 8):
 garbage-first heap   total reserved 4104192K, committed 116736K, used 93755K [0x0000000705800000, 0x0000000800000000)
  region size 2048K, 25 young (51200K), 4 survivors (8192K)
 Metaspace       used 89521K, committed 90304K, reserved 1179648K
  class space    used 12588K, committed 12928K, reserved 1048576K
}
Event: 1095.242 GC heap after
{Heap after GC invocations=75 (full 8):
 garbage-first heap   total reserved 4104192K, committed 116736K, used 52375K [0x0000000705800000, 0x0000000800000000)
  region size 2048K, 3 young (6144K), 3 survivors (6144K)
 Metaspace       used 89521K, committed 90304K, reserved 1179648K
  class space    used 12588K, committed 12928K, reserved 1048576K
}
Event: 1239.543 GC heap before
{Heap before GC invocations=75 (full 8):
 garbage-first heap   total reserved 4104192K, committed 116736K, used 87191K [0x0000000705800000, 0x0000000800000000)
  region size 2048K, 21 young (43008K), 3 survivors (6144K)
 Metaspace       used 89584K, committed 90368K, reserved 1179648K
  class space    used 12593K, committed 12928K, reserved 1048576K
}
Event: 1239.601 GC heap after
{Heap after GC invocations=76 (full 9):
 garbage-first heap   total reserved 4104192K, committed 116736K, used 43417K [0x0000000705800000, 0x0000000800000000)
  region size 2048K, 0 young (0K), 0 survivors (0K)
 Metaspace       used 89584K, committed 90368K, reserved 1179648K
  class space    used 12593K, committed 12928K, reserved 1048576K
}
Event: 1241.215 GC heap before
{Heap before GC invocations=76 (full 9):
 garbage-first heap   total reserved 4104192K, committed 116736K, used 98713K [0x0000000705800000, 0x0000000800000000)
  region size 2048K, 28 young (57344K), 0 survivors (0K)
 Metaspace       used 89758K, committed 90560K, reserved 1179648K
  class space    used 12613K, committed 12928K, reserved 1048576K
}
Event: 1241.220 GC heap after
{Heap after GC invocations=77 (full 9):
 garbage-first heap   total reserved 4104192K, committed 116736K, used 48048K [0x0000000705800000, 0x0000000800000000)
  region size 2048K, 3 young (6144K), 3 survivors (6144K)
 Metaspace       used 89758K, committed 90560K, reserved 1179648K
  class space    used 12613K, committed 12928K, reserved 1048576K
}

